# JRE version: OpenJDK Runtime Environment (17.0.6+10) (build 17.0.6+10-LTS)
# Java VM: OpenJDK 64-Bit Server VM (17.0.6+10-LTS, mixed mode, sharing, tiered, compressed oops, compressed class ptrs, g1 gc, windows-amd64)
GC Precious Log:
 CPUs: 12 total, 12 available
 Memory: 16068M
 Large Page Support: Disabled
 NUMA Support: Disabled
 Compressed Oops: Enabled (Zero based)
 Heap Region Size: 2M
 Heap Min Capacity: 8M
 Heap Initial Capacity: 252M
 Heap Max Capacity: 4018M
 Pre-touch: Disabled
 Parallel Workers: 10
 Concurrent Workers: 3
 Concurrent Refinement Workers: 10
 Periodic GC: Disabled
Heap:
 garbage-first heap   total 55296K, used 23541K [0x0000000704e00000, 0x0000000800000000)
  region size 2048K, 1 young (2048K), 1 survivors (2048K)
 Metaspace       used 43382K, committed 43968K, reserved 1089536K
  class space    used 5806K, committed 6080K, reserved 1048576K
GC Heap History (20 events):
Event: 1.821 GC heap after
{Heap after GC invocations=2 (full 0):
 garbage-first heap   total 258048K, used 7181K [0x0000000704e00000, 0x0000000800000000)
  region size 2048K, 1 young (2048K), 1 survivors (2048K)
 Metaspace       used 11828K, committed 12160K, reserved 1064960K
  class space    used 1624K, committed 1792K, reserved 1048576K
}
Event: 3.522 GC heap before
{Heap before GC invocations=2 (full 0):
 garbage-first heap   total 258048K, used 72717K [0x0000000704e00000, 0x0000000800000000)
  region size 2048K, 34 young (69632K), 1 survivors (2048K)
 Metaspace       used 21223K, committed 21504K, reserved 1073152K
  class space    used 2893K, committed 3008K, reserved 1048576K
}
Event: 3.530 GC heap after
{Heap after GC invocations=3 (full 0):
 garbage-first heap   total 258048K, used 11696K [0x0000000704e00000, 0x0000000800000000)
  region size 2048K, 4 young (8192K), 4 survivors (8192K)
 Metaspace       used 21223K, committed 21504K, reserved 1073152K
  class space    used 2893K, committed 3008K, reserved 1048576K
}
Event: 4.401 GC heap before
{Heap before GC invocations=4 (full 0):
 garbage-first heap   total 55296K, used 36272K [0x0000000704e00000, 0x0000000800000000)
  region size 2048K, 16 young (32768K), 4 survivors (8192K)
 Metaspace       used 24378K, committed 24832K, reserved 1073152K
  class space    used 3417K, committed 3648K, reserved 1048576K
}
Event: 4.408 GC heap after
{Heap after GC invocations=5 (full 0):
 garbage-first heap   total 55296K, used 14309K [0x0000000704e00000, 0x0000000800000000)
  region size 2048K, 2 young (4096K), 2 survivors (4096K)
 Metaspace       used 24378K, committed 24832K, reserved 1073152K
  class space    used 3417K, committed 3648K, reserved 1048576K
}
Event: 4.449 GC heap before
{Heap before GC invocations=5 (full 0):
 garbage-first heap   total 55296K, used 16357K [0x0000000704e00000, 0x0000000800000000)
  region size 2048K, 3 young (6144K), 2 survivors (4096K)
 Metaspace       used 24614K, committed 25088K, reserved 1073152K
  class space    used 3472K, committed 3712K, reserved 1048576K
}
Event: 4.454 GC heap after
{Heap after GC invocations=6 (full 0):
 garbage-first heap   total 55296K, used 14275K [0x0000000704e00000, 0x0000000800000000)
  region size 2048K, 1 young (2048K), 1 survivors (2048K)
 Metaspace       used 24614K, committed 25088K, reserved 1073152K
  class space    used 3472K, committed 3712K, reserved 1048576K
}
Event: 5.492 GC heap before
{Heap before GC invocations=6 (full 0):
 garbage-first heap   total 55296K, used 36803K [0x0000000704e00000, 0x0000000800000000)
  region size 2048K, 12 young (24576K), 1 survivors (2048K)
 Metaspace       used 29116K, committed 29568K, reserved 1081344K
  class space    used 3954K, committed 4160K, reserved 1048576K
}
Event: 5.496 GC heap after
{Heap after GC invocations=7 (full 0):
 garbage-first heap   total 55296K, used 15882K [0x0000000704e00000, 0x0000000800000000)
  region size 2048K, 2 young (4096K), 2 survivors (4096K)
 Metaspace       used 29116K, committed 29568K, reserved 1081344K
  class space    used 3954K, committed 4160K, reserved 1048576K
}
Event: 6.114 GC heap before
{Heap before GC invocations=7 (full 0):
 garbage-first heap   total 55296K, used 36362K [0x0000000704e00000, 0x0000000800000000)
  region size 2048K, 12 young (24576K), 2 survivors (4096K)
 Metaspace       used 31330K, committed 31872K, reserved 1081344K
  class space    used 4267K, committed 4544K, reserved 1048576K
}
Event: 6.117 GC heap after
{Heap after GC invocations=8 (full 0):
 garbage-first heap   total 55296K, used 17756K [0x0000000704e00000, 0x0000000800000000)
  region size 2048K, 2 young (4096K), 2 survivors (4096K)
 Metaspace       used 31330K, committed 31872K, reserved 1081344K
  class space    used 4267K, committed 4544K, reserved 1048576K
}
Event: 6.581 GC heap before
{Heap before GC invocations=8 (full 0):
 garbage-first heap   total 55296K, used 40284K [0x0000000704e00000, 0x0000000800000000)
  region size 2048K, 13 young (26624K), 2 survivors (4096K)
 Metaspace       used 34747K, committed 35264K, reserved 1081344K
  class space    used 4689K, committed 4928K, reserved 1048576K
}
Event: 6.587 GC heap after
{Heap after GC invocations=9 (full 0):
 garbage-first heap   total 55296K, used 19999K [0x0000000704e00000, 0x0000000800000000)
  region size 2048K, 2 young (4096K), 2 survivors (4096K)
 Metaspace       used 34747K, committed 35264K, reserved 1081344K
  class space    used 4689K, committed 4928K, reserved 1048576K
}
Event: 6.678 GC heap before
{Heap before GC invocations=9 (full 0):
 garbage-first heap   total 55296K, used 19999K [0x0000000704e00000, 0x0000000800000000)
  region size 2048K, 3 young (6144K), 2 survivors (4096K)
 Metaspace       used 35428K, committed 35968K, reserved 1081344K
  class space    used 4772K, committed 5056K, reserved 1048576K
}
Event: 6.683 GC heap after
{Heap after GC invocations=10 (full 0):
 garbage-first heap   total 55296K, used 20818K [0x0000000704e00000, 0x0000000800000000)
  region size 2048K, 1 young (2048K), 1 survivors (2048K)
 Metaspace       used 35428K, committed 35968K, reserved 1081344K
  class space    used 4772K, committed 5056K, reserved 1048576K
}
Event: 7.306 GC heap before
{Heap before GC invocations=11 (full 0):
 garbage-first heap   total 55296K, used 37202K [0x0000000704e00000, 0x0000000800000000)
  region size 2048K, 9 young (18432K), 1 survivors (2048K)
 Metaspace       used 40326K, committed 40832K, reserved 1089536K
  class space    used 5438K, committed 5696K, reserved 1048576K
}
Event: 7.310 GC heap after
{Heap after GC invocations=12 (full 0):
 garbage-first heap   total 55296K, used 22432K [0x0000000704e00000, 0x0000000800000000)
  region size 2048K, 2 young (4096K), 2 survivors (4096K)
 Metaspace       used 40326K, committed 40832K, reserved 1089536K
  class space    used 5438K, committed 5696K, reserved 1048576K
}
Event: 7.449 GC heap before
{Heap before GC invocations=12 (full 0):
 garbage-first heap   total 55296K, used 24480K [0x0000000704e00000, 0x0000000800000000)
  region size 2048K, 3 young (6144K), 2 survivors (4096K)
 Metaspace       used 40625K, committed 41088K, reserved 1089536K
  class space    used 5484K, committed 5696K, reserved 1048576K
}
Event: 7.453 GC heap after
{Heap after GC invocations=13 (full 0):
 garbage-first heap   total 55296K, used 22261K [0x0000000704e00000, 0x0000000800000000)
  region size 2048K, 1 young (2048K), 1 survivors (2048K)
 Metaspace       used 40625K, committed 41088K, reserved 1089536K
  class space    used 5484K, committed 5696K, reserved 1048576K
}
Event: 15.633 GC heap before
{Heap before GC invocations=13 (full 0):
 garbage-first heap   total 55296K, used 36597K [0x0000000704e00000, 0x0000000800000000)
  region size 2048K, 9 young (18432K), 1 survivors (2048K)
 Metaspace       used 43382K, committed 43968K, reserved 1089536K
  class space    used 5806K, committed 6080K, reserved 1048576K
}

